<?xml version="1.0" encoding="UTF-8"?>
<testsuite xmlns:xsi="http://www.w3.org/2001/XMLSchema-instance" xsi:noNamespaceSchemaLocation="https://maven.apache.org/surefire/maven-surefire-plugin/xsd/surefire-test-report.xsd" name="ua.lviv.iot.ShoesShop.test.ShoesShopManagerTest" time="0.071" tests="6" errors="0" skipped="0" failures="0">
  <properties>
[...]
</properties>
  <testcase name="filterBySizeTest" classname="ua.lviv.iot.ShoesShop.test.ShoesShopManagerTest" time="0.034"/>
  <testcase name="setListTest" classname="ua.lviv.iot.ShoesShop.test.ShoesShopManagerTest" time="0"/>
  <testcase name="getListTest" classname="ua.lviv.iot.ShoesShop.test.ShoesShopManagerTest" time="0.002"/>
  <testcase name="sortByPriceTest" classname="ua.lviv.iot.ShoesShop.test.ShoesShopManagerTest" time="0.002"/>
  <testcase name="sortBySizeTest" classname="ua.lviv.iot.ShoesShop.test.ShoesShopManagerTest" time="0.001"/>
  <testcase name="filterByRoleTest" classname="ua.lviv.iot.ShoesShop.test.ShoesShopManagerTest" time="0.002"/>
</testsuite>